TN:
SF:src\add.js
FN:16,(anonymous_0)
FNF:1
FNH:1
FNDA:4,(anonymous_0)
DA:16,4
LF:1
LH:1
BRF:0
BRH:0
end_of_record
TN:
SF:src\at.js
FN:19,(anonymous_0)
FNF:1
FNH:1
FNDA:3,(anonymous_0)
DA:19,3
LF:1
LH:1
BRF:0
BRH:0
end_of_record
TN:
SF:src\capitalize.js
FN:17,(anonymous_0)
FNF:1
FNH:1
FNDA:5,(anonymous_0)
DA:17,5
LF:1
LH:1
BRF:0
BRH:0
end_of_record
TN:
SF:src\ceil.js
FNF:0
FNH:0
DA:22,1
LF:1
LH:1
BRF:0
BRH:0
end_of_record
TN:
SF:src\countBy.js
FN:29,countBy
FN:30,(anonymous_1)
FNF:2
FNH:2
FNDA:4,countBy
FNDA:6,(anonymous_1)
DA:5,1
DA:30,4
DA:31,6
DA:32,6
DA:33,3
DA:35,3
DA:37,6
LF:7
LH:7
BRDA:32,0,0,3
BRDA:32,0,1,3
BRF:2
BRH:2
end_of_record
TN:
SF:src\defaultTo.js
FN:19,defaultTo
FNF:1
FNH:1
FNDA:4,defaultTo
DA:20,4
LF:1
LH:1
BRDA:20,0,0,1
BRDA:20,0,1,3
BRF:2
BRH:2
end_of_record
TN:
SF:src\defaultToAny.js
FN:28,defaultToAny
FNF:1
FNH:1
FNDA:2,defaultToAny
DA:29,2
LF:1
LH:1
BRF:0
BRH:0
end_of_record
TN:
SF:src\divide.js
FN:16,(anonymous_0)
FNF:1
FNH:1
FNDA:1,(anonymous_0)
DA:16,1
LF:1
LH:1
BRF:0
BRH:0
end_of_record
TN:
SF:src\filter.js
FN:24,filter
FNF:1
FNH:1
FNDA:2,filter
DA:25,2
DA:26,2
DA:27,2
DA:28,2
DA:30,2
DA:31,2
DA:32,2
DA:33,1
DA:36,2
LF:9
LH:9
BRDA:27,0,0,1
BRDA:27,0,1,1
BRDA:32,1,0,1
BRDA:32,1,1,1
BRF:4
BRH:4
end_of_record
TN:
SF:src\get.js
FN:27,get
FNF:1
FNH:1
FNDA:6,get
DA:28,6
DA:29,6
LF:2
LH:2
BRDA:28,0,0,0
BRDA:28,0,1,6
BRDA:29,1,0,3
BRDA:29,1,1,3
BRF:4
BRH:3
end_of_record
TN:
SF:src\isArguments.js
FN:19,isArguments
FNF:1
FNH:0
FNDA:0,isArguments
DA:20,0
LF:1
LH:0
BRDA:20,0,0,0
BRDA:20,0,1,0
BRF:2
BRH:0
end_of_record
TN:
SF:src\isArrayLike.js
FN:26,isArrayLike
FNF:1
FNH:1
FNDA:7,isArrayLike
DA:27,7
LF:1
LH:1
BRDA:27,0,0,7
BRDA:27,0,1,7
BRDA:27,0,2,7
BRF:3
BRH:3
end_of_record
TN:
SF:src\isBuffer.js
FN:33,(anonymous_0)
FNF:1
FNH:1
FNDA:1,(anonymous_0)
DA:4,2
DA:7,2
DA:10,2
DA:13,2
DA:16,2
DA:33,2
LF:6
LH:6
BRDA:4,0,0,2
BRDA:4,0,1,0
BRDA:4,0,2,0
BRDA:4,0,3,0
BRDA:7,1,0,2
BRDA:7,1,1,0
BRDA:7,1,2,0
BRDA:7,1,3,0
BRDA:7,1,4,0
BRDA:10,2,0,2
BRDA:10,2,1,0
BRDA:13,3,0,0
BRDA:13,3,1,2
BRDA:16,4,0,0
BRDA:16,4,1,2
BRDA:33,5,0,2
BRDA:33,5,1,2
BRF:17
BRH:7
end_of_record
TN:
SF:src\isEmpty.js
FN:45,isEmpty
FNF:1
FNH:1
FNDA:6,isEmpty
DA:9,1
DA:46,6
DA:47,1
DA:49,5
DA:52,2
DA:54,3
DA:55,3
DA:56,1
DA:58,2
DA:59,0
DA:61,2
DA:62,1
DA:63,1
DA:66,1
LF:14
LH:13
BRDA:46,0,0,1
BRDA:46,0,1,5
BRDA:49,1,0,2
BRDA:49,1,1,3
BRDA:49,2,0,5
BRDA:49,2,1,2
BRDA:49,2,2,1
BRDA:49,2,3,1
BRDA:49,2,4,1
BRDA:49,2,5,1
BRDA:49,2,6,0
BRDA:55,3,0,1
BRDA:55,3,1,2
BRDA:55,4,0,3
BRDA:55,4,1,3
BRDA:58,5,0,0
BRDA:58,5,1,2
BRDA:62,6,0,1
BRDA:62,6,1,0
BRF:19
BRH:16
end_of_record
TN:
SF:src\isLength.js
FN:28,isLength
FNF:1
FNH:1
FNDA:7,isLength
DA:2,2
DA:29,7
LF:2
LH:2
BRDA:29,0,0,7
BRDA:29,0,1,2
BRDA:29,0,2,2
BRDA:29,0,3,2
BRF:4
BRH:4
end_of_record
TN:
SF:src\isObjectLike.js
FN:23,isObjectLike
FNF:1
FNH:1
FNDA:1,isObjectLike
DA:24,1
LF:1
LH:1
BRDA:24,0,0,1
BRDA:24,0,1,1
BRF:2
BRH:2
end_of_record
TN:
SF:src\isSymbol.js
FN:18,isSymbol
FNF:1
FNH:1
FNDA:10,isSymbol
DA:19,10
DA:20,10
LF:2
LH:2
BRDA:20,0,0,10
BRDA:20,0,1,9
BRDA:20,0,2,2
BRDA:20,0,3,1
BRF:4
BRH:4
end_of_record
TN:
SF:src\isTypedArray.js
FN:27,(anonymous_0)
FN:28,(anonymous_1)
FNF:2
FNH:1
FNDA:0,(anonymous_0)
FNDA:1,(anonymous_1)
DA:6,2
DA:9,2
DA:26,2
DA:27,0
DA:28,1
LF:5
LH:4
BRDA:9,0,0,2
BRDA:9,0,1,0
BRDA:26,1,0,0
BRDA:26,1,1,2
BRDA:28,2,0,1
BRDA:28,2,1,1
BRF:6
BRH:4
end_of_record
TN:
SF:src\keys.js
FN:31,keys
FNF:1
FNH:1
FNDA:1,keys
DA:32,1
LF:1
LH:1
BRDA:32,0,0,0
BRDA:32,0,1,1
BRF:2
BRH:1
end_of_record
TN:
SF:src\map.js
FN:19,map
FNF:1
FNH:1
FNDA:2,map
DA:20,2
DA:21,2
DA:22,2
DA:24,2
DA:25,2
DA:27,2
LF:6
LH:6
BRDA:21,0,0,1
BRDA:21,0,1,1
BRF:2
BRH:2
end_of_record
TN:
SF:src\memoize.js
FN:43,memoize
FN:47,(anonymous_1)
FNF:2
FNH:2
FNDA:1,memoize
FNDA:4,(anonymous_1)
DA:44,1
DA:45,0
DA:47,1
DA:48,4
DA:49,4
DA:51,4
DA:52,1
DA:54,3
DA:55,3
DA:56,3
DA:58,1
DA:59,1
DA:62,1
LF:13
LH:12
BRDA:44,0,0,0
BRDA:44,0,1,1
BRDA:44,1,0,1
BRDA:44,1,1,1
BRDA:44,1,2,1
BRDA:48,2,0,4
BRDA:48,2,1,0
BRDA:51,3,0,1
BRDA:51,3,1,3
BRDA:55,4,0,3
BRDA:55,4,1,0
BRDA:58,5,0,1
BRDA:58,5,1,0
BRF:13
BRH:9
end_of_record
TN:
SF:src\reduce.js
FN:38,reduce
FNF:1
FNH:1
FNDA:4,reduce
DA:39,4
DA:40,4
DA:41,4
LF:3
LH:3
BRDA:39,0,0,3
BRDA:39,0,1,1
BRF:2
BRH:2
end_of_record
TN:
SF:src\slice.js
FN:21,slice
FNF:1
FNH:1
FNDA:1,slice
DA:22,1
DA:23,1
DA:24,0
DA:26,1
DA:27,1
DA:29,1
DA:30,0
DA:32,1
DA:33,0
DA:35,1
DA:36,1
DA:38,1
DA:39,1
DA:40,1
DA:41,0
DA:43,1
LF:16
LH:12
BRDA:22,0,0,0
BRDA:22,0,1,1
BRDA:23,1,0,0
BRDA:23,1,1,1
BRDA:26,2,0,0
BRDA:26,2,1,1
BRDA:27,3,0,0
BRDA:27,3,1,1
BRDA:29,4,0,0
BRDA:29,4,1,1
BRDA:30,5,0,0
BRDA:30,5,1,0
BRDA:32,6,0,0
BRDA:32,6,1,1
BRDA:35,7,0,0
BRDA:35,7,1,1
BRF:16
BRH:7
end_of_record
TN:
SF:src\toString.js
FN:25,toString
FN:33,(anonymous_1)
FNF:2
FNH:2
FNDA:7,toString
FNDA:3,(anonymous_1)
DA:4,1
DA:28,7
DA:29,4
DA:31,3
DA:33,3
DA:35,2
DA:36,1
DA:38,1
DA:39,1
LF:9
LH:9
BRDA:28,0,0,4
BRDA:28,0,1,3
BRDA:31,1,0,1
BRDA:31,1,1,2
BRDA:33,2,0,1
BRDA:33,2,1,2
BRDA:35,3,0,1
BRDA:35,3,1,1
BRDA:39,4,0,0
BRDA:39,4,1,1
BRDA:39,5,0,1
BRDA:39,5,1,0
BRF:12
BRH:10
end_of_record
TN:
SF:src\upperFirst.js
FNF:0
FNH:0
DA:19,1
LF:1
LH:1
BRF:0
BRH:0
end_of_record
TN:
SF:src\.internal\arrayLikeKeys.js
FN:17,arrayLikeKeys
FNF:1
FNH:0
FNDA:0,arrayLikeKeys
DA:7,1
DA:18,0
DA:19,0
DA:20,0
DA:21,0
DA:22,0
DA:23,0
DA:24,0
DA:25,0
DA:26,0
DA:27,0
DA:29,0
DA:30,0
DA:37,0
DA:40,0
LF:15
LH:1
BRDA:19,0,0,0
BRDA:19,0,1,0
BRDA:20,1,0,0
BRDA:20,1,1,0
BRDA:20,1,2,0
BRDA:21,2,0,0
BRDA:21,2,1,0
BRDA:21,2,2,0
BRDA:21,2,3,0
BRDA:22,3,0,0
BRDA:22,3,1,0
BRDA:22,3,2,0
BRDA:22,3,3,0
BRDA:24,4,0,0
BRDA:24,4,1,0
BRDA:25,5,0,0
BRDA:25,5,1,0
BRDA:30,6,0,0
BRDA:30,6,1,0
BRDA:30,7,0,0
BRDA:30,7,1,0
BRDA:30,7,2,0
BRDA:31,8,0,0
BRDA:31,8,1,0
BRDA:31,8,2,0
BRF:25
BRH:0
end_of_record
TN:
SF:src\.internal\arrayReduce.js
FN:12,arrayReduce
FNF:1
FNH:1
FNDA:5,arrayReduce
DA:13,5
DA:14,5
DA:16,5
DA:17,0
DA:19,5
DA:20,10
DA:22,5
LF:7
LH:6
BRDA:14,0,0,0
BRDA:14,0,1,5
BRDA:16,1,0,0
BRDA:16,1,1,5
BRDA:16,2,0,5
BRDA:16,2,1,0
BRF:6
BRH:3
end_of_record
TN:
SF:src\.internal\asciiToArray.js
FN:8,asciiToArray
FNF:1
FNH:0
FNDA:0,asciiToArray
DA:9,0
LF:1
LH:0
BRF:0
BRH:0
end_of_record
TN:
SF:src\.internal\baseAssignValue.js
FN:10,baseAssignValue
FNF:1
FNH:1
FNDA:3,baseAssignValue
DA:11,3
DA:12,0
DA:19,3
LF:3
LH:2
BRDA:11,0,0,0
BRDA:11,0,1,3
BRF:2
BRH:1
end_of_record
TN:
SF:src\.internal\baseAt.js
FN:11,baseAt
FNF:1
FNH:1
FNDA:3,baseAt
DA:12,3
DA:13,3
DA:14,3
DA:15,3
DA:17,3
DA:18,6
DA:20,3
LF:7
LH:7
BRDA:18,0,0,0
BRDA:18,0,1,6
BRF:2
BRH:1
end_of_record
TN:
SF:src\.internal\baseEach.js
FN:12,baseEach
FNF:1
FNH:1
FNDA:1,baseEach
DA:13,1
DA:14,0
DA:16,1
DA:17,1
DA:19,0
DA:20,0
DA:21,0
DA:23,0
DA:24,0
DA:25,0
DA:28,0
LF:11
LH:3
BRDA:13,0,0,0
BRDA:13,0,1,1
BRDA:16,1,0,1
BRDA:16,1,1,0
BRDA:24,2,0,0
BRDA:24,2,1,0
BRF:6
BRH:2
end_of_record
TN:
SF:src\.internal\baseFlatten.js
FN:14,baseFlatten
FNF:1
FNH:1
FNDA:3,baseFlatten
DA:15,3
DA:16,3
DA:18,3
DA:19,0
DA:22,3
DA:23,3
DA:24,3
DA:26,0
DA:28,3
DA:30,0
DA:31,0
DA:34,3
LF:12
LH:8
BRDA:15,0,0,3
BRDA:15,0,1,3
BRDA:16,1,0,3
BRDA:16,1,1,3
BRDA:18,2,0,0
BRDA:18,2,1,3
BRDA:23,3,0,3
BRDA:23,3,1,0
BRDA:23,4,0,3
BRDA:23,4,1,3
BRDA:24,5,0,0
BRDA:24,5,1,3
BRDA:30,6,0,0
BRDA:30,6,1,0
BRF:14
BRH:9
end_of_record
TN:
SF:src\.internal\baseFor.js
FN:12,baseFor
FNF:1
FNH:1
FNDA:1,baseFor
DA:13,1
DA:14,1
DA:15,1
DA:16,1
DA:18,1
DA:19,0
DA:20,0
DA:21,0
DA:24,1
LF:9
LH:6
BRDA:20,0,0,0
BRDA:20,0,1,0
BRF:2
BRH:0
end_of_record
TN:
SF:src\.internal\baseForOwn.js
FN:12,baseForOwn
FNF:1
FNH:1
FNDA:1,baseForOwn
DA:13,1
LF:1
LH:1
BRDA:13,0,0,1
BRDA:13,0,1,1
BRF:2
BRH:2
end_of_record
TN:
SF:src\.internal\baseGet.js
FN:12,baseGet
FNF:1
FNH:1
FNDA:6,baseGet
DA:13,6
DA:15,6
DA:16,6
DA:18,6
DA:19,9
DA:21,6
LF:6
LH:6
BRDA:18,0,0,15
BRDA:18,0,1,12
BRDA:21,1,0,5
BRDA:21,1,1,1
BRDA:21,2,0,6
BRDA:21,2,1,6
BRF:6
BRH:6
end_of_record
TN:
SF:src\.internal\baseReduce.js
FN:14,baseReduce
FN:15,(anonymous_1)
FNF:2
FNH:1
FNDA:1,baseReduce
FNDA:0,(anonymous_1)
DA:15,1
DA:16,0
DA:20,1
LF:3
LH:2
BRDA:16,0,0,0
BRDA:16,0,1,0
BRF:2
BRH:0
end_of_record
TN:
SF:src\.internal\baseToNumber.js
FN:14,baseToNumber
FNF:1
FNH:1
FNDA:8,baseToNumber
DA:4,2
DA:15,8
DA:16,6
DA:18,2
DA:19,0
DA:21,2
LF:6
LH:5
BRDA:15,0,0,6
BRDA:15,0,1,2
BRDA:18,1,0,0
BRDA:18,1,1,2
BRF:4
BRH:3
end_of_record
TN:
SF:src\.internal\baseToString.js
FN:17,baseToString
FNF:1
FNH:1
FNDA:2,baseToString
DA:4,2
DA:7,2
DA:19,2
DA:20,2
DA:22,0
DA:24,0
DA:26,0
DA:27,0
DA:29,0
DA:30,0
LF:10
LH:4
BRDA:19,0,0,2
BRDA:19,0,1,0
BRDA:22,1,0,0
BRDA:22,1,1,0
BRDA:26,2,0,0
BRDA:26,2,1,0
BRDA:27,3,0,0
BRDA:27,3,1,0
BRDA:30,4,0,0
BRDA:30,4,1,0
BRDA:30,5,0,0
BRDA:30,5,1,0
BRF:12
BRH:1
end_of_record
TN:
SF:src\.internal\castPath.js
FN:12,castPath
FNF:1
FNH:1
FNDA:6,castPath
DA:13,6
DA:14,0
DA:16,6
LF:3
LH:2
BRDA:13,0,0,0
BRDA:13,0,1,6
BRDA:16,1,0,2
BRDA:16,1,1,4
BRF:4
BRH:3
end_of_record
TN:
SF:src\.internal\castSlice.js
FN:12,castSlice
FNF:1
FNH:1
FNDA:1,castSlice
DA:13,1
DA:14,1
DA:15,1
LF:3
LH:3
BRDA:14,0,0,1
BRDA:14,0,1,0
BRDA:15,1,0,0
BRDA:15,1,1,1
BRDA:15,2,0,1
BRDA:15,2,1,0
BRF:6
BRH:3
end_of_record
TN:
SF:src\.internal\createCaseFirst.js
FN:12,createCaseFirst
FN:13,(anonymous_1)
FNF:2
FNH:2
FNDA:1,createCaseFirst
FNDA:5,(anonymous_1)
DA:13,1
DA:14,5
DA:15,0
DA:18,5
DA:22,5
DA:26,5
DA:30,5
LF:7
LH:6
BRDA:14,0,0,0
BRDA:14,0,1,5
BRDA:18,1,0,1
BRDA:18,1,1,4
BRDA:22,2,0,1
BRDA:22,2,1,4
BRDA:26,3,0,1
BRDA:26,3,1,4
BRF:8
BRH:7
end_of_record
TN:
SF:src\.internal\createMathOperation.js
FN:12,createMathOperation
FN:13,(anonymous_1)
FNF:2
FNH:2
FNDA:2,createMathOperation
FNDA:8,(anonymous_1)
DA:13,2
DA:14,8
DA:15,1
DA:17,7
DA:18,1
DA:20,6
DA:21,1
DA:23,5
DA:24,1
DA:25,1
DA:28,4
DA:29,4
DA:31,5
LF:13
LH:13
BRDA:14,0,0,1
BRDA:14,0,1,7
BRDA:14,1,0,8
BRDA:14,1,1,2
BRDA:17,2,0,1
BRDA:17,2,1,6
BRDA:17,3,0,7
BRDA:17,3,1,6
BRDA:20,4,0,1
BRDA:20,4,1,5
BRDA:20,5,0,6
BRDA:20,5,1,6
BRDA:23,6,0,1
BRDA:23,6,1,4
BRDA:23,7,0,5
BRDA:23,7,1,4
BRF:16
BRH:16
end_of_record
TN:
SF:src\.internal\createRound.js
FN:8,createRound
FN:10,(anonymous_1)
FNF:2
FNH:2
FNDA:1,createRound
FNDA:2,(anonymous_1)
DA:9,1
DA:10,1
DA:11,2
DA:12,2
DA:15,1
DA:16,1
DA:18,1
DA:19,1
DA:21,1
LF:9
LH:9
BRDA:11,0,0,1
BRDA:11,0,1,1
BRDA:11,1,0,1
BRDA:11,1,1,0
BRDA:12,2,0,1
BRDA:12,2,1,1
BRF:6
BRH:5
end_of_record
TN:
SF:src\.internal\freeGlobal.js
FNF:0
FNH:0
DA:2,2
LF:1
LH:1
BRDA:2,0,0,2
BRDA:2,0,1,2
BRDA:2,0,2,2
BRDA:2,0,3,2
BRF:4
BRH:4
end_of_record
TN:
SF:src\.internal\getTag.js
FN:10,getTag
FNF:1
FNH:1
FNDA:5,getTag
DA:1,6
DA:11,5
DA:12,0
DA:14,5
LF:4
LH:3
BRDA:11,0,0,0
BRDA:11,0,1,5
BRDA:12,1,0,0
BRDA:12,1,1,0
BRF:4
BRH:1
end_of_record
TN:
SF:src\.internal\hasUnicode.js
FN:24,hasUnicode
FNF:1
FNH:1
FNDA:6,hasUnicode
DA:2,1
DA:3,1
DA:4,1
DA:5,1
DA:6,1
DA:7,1
DA:8,1
DA:9,1
DA:12,1
DA:15,1
DA:25,6
LF:11
LH:11
BRF:0
BRH:0
end_of_record
TN:
SF:src\.internal\isFlattenable.js
FN:13,isFlattenable
FNF:1
FNH:1
FNDA:3,isFlattenable
DA:4,1
DA:14,3
LF:2
LH:2
BRDA:14,0,0,3
BRDA:14,0,1,0
BRDA:14,0,2,0
BRDA:15,1,0,0
BRDA:15,1,1,0
BRF:5
BRH:1
end_of_record
TN:
SF:src\.internal\isIndex.js
FN:15,isIndex
FNF:1
FNH:0
FNDA:0,isIndex
DA:2,1
DA:5,1
DA:16,0
DA:17,0
DA:19,0
LF:5
LH:2
BRDA:17,0,0,0
BRDA:17,0,1,0
BRDA:19,1,0,0
BRDA:19,1,1,0
BRDA:19,1,2,0
BRDA:19,1,3,0
BRDA:19,1,4,0
BRDA:19,1,5,0
BRDA:19,1,6,0
BRF:9
BRH:0
end_of_record
TN:
SF:src\.internal\isKey.js
FN:15,isKey
FNF:1
FNH:1
FNDA:6,isKey
DA:4,1
DA:5,1
DA:16,6
DA:17,0
DA:19,6
DA:20,6
DA:21,0
DA:23,6
LF:8
LH:6
BRDA:16,0,0,0
BRDA:16,0,1,6
BRDA:20,1,0,0
BRDA:20,1,1,6
BRDA:20,2,0,6
BRDA:20,2,1,6
BRDA:20,2,2,6
BRDA:20,2,3,6
BRDA:23,3,0,6
BRDA:23,3,1,4
BRDA:23,3,2,4
BRDA:23,3,3,4
BRF:12
BRH:10
end_of_record
TN:
SF:src\.internal\isPrototype.js
FN:11,isPrototype
FNF:1
FNH:1
FNDA:2,isPrototype
DA:2,1
DA:12,2
DA:13,2
DA:15,2
LF:4
LH:4
BRDA:12,0,0,2
BRDA:12,0,1,2
BRDA:13,1,0,2
BRDA:13,1,1,2
BRDA:13,1,2,0
BRF:5
BRH:4
end_of_record
TN:
SF:src\.internal\memoizeCapped.js
FN:14,memoizeCapped
FN:15,(anonymous_1)
FNF:2
FNH:2
FNDA:1,memoizeCapped
FNDA:4,(anonymous_1)
DA:4,1
DA:15,1
DA:16,4
DA:17,4
DA:18,0
DA:20,4
DA:23,1
LF:7
LH:6
BRDA:17,0,0,0
BRDA:17,0,1,4
BRF:2
BRH:1
end_of_record
TN:
SF:src\.internal\nodeTypes.js
FN:16,(anonymous_0)
FNF:1
FNH:1
FNDA:2,(anonymous_0)
DA:4,2
DA:7,2
DA:10,2
DA:13,2
DA:16,2
DA:17,2
DA:20,2
DA:21,2
LF:8
LH:8
BRDA:4,0,0,2
BRDA:4,0,1,0
BRDA:4,0,2,0
BRDA:4,0,3,0
BRDA:7,1,0,2
BRDA:7,1,1,0
BRDA:7,1,2,0
BRDA:7,1,3,0
BRDA:7,1,4,0
BRDA:10,2,0,2
BRDA:10,2,1,0
BRDA:13,3,0,2
BRDA:13,3,1,0
BRDA:20,4,0,2
BRDA:20,4,1,0
BRDA:20,4,2,0
BRDA:21,5,0,0
BRDA:21,5,1,2
BRDA:24,6,0,2
BRDA:24,6,1,0
BRDA:24,6,2,0
BRF:21
BRH:7
end_of_record
TN:
SF:src\.internal\root.js
FNF:0
FNH:0
DA:5,2
DA:8,2
DA:11,2
LF:3
LH:3
BRDA:5,0,0,2
BRDA:5,0,1,2
BRDA:5,0,2,2
BRDA:5,0,3,2
BRDA:8,1,0,2
BRDA:8,1,1,0
BRDA:8,1,2,0
BRDA:8,1,3,0
BRDA:11,2,0,2
BRDA:11,2,1,0
BRDA:11,2,2,0
BRDA:11,2,3,0
BRF:12
BRH:6
end_of_record
TN:
SF:src\.internal\stringToArray.js
FN:12,stringToArray
FNF:1
FNH:1
FNDA:1,stringToArray
DA:13,1
LF:1
LH:1
BRDA:13,0,0,1
BRDA:13,0,1,0
BRF:2
BRH:1
end_of_record
TN:
SF:src\.internal\stringToPath.js
FN:26,(anonymous_0)
FN:31,(anonymous_1)
FNF:2
FNH:2
FNDA:3,(anonymous_0)
FNDA:6,(anonymous_1)
DA:3,1
DA:4,1
DA:5,1
DA:26,1
DA:27,3
DA:28,3
DA:29,0
DA:31,3
DA:32,6
DA:33,6
DA:34,0
DA:36,6
DA:37,1
DA:39,6
DA:41,3
LF:15
LH:13
BRDA:28,0,0,0
BRDA:28,0,1,3
BRDA:33,1,0,0
BRDA:33,1,1,6
BRDA:36,2,0,1
BRDA:36,2,1,5
BRF:6
BRH:4
end_of_record
TN:
SF:src\.internal\toKey.js
FN:13,toKey
FNF:1
FNH:1
FNDA:9,toKey
DA:4,1
DA:14,9
DA:15,9
DA:17,0
DA:18,0
LF:5
LH:3
BRDA:14,0,0,9
BRDA:14,0,1,0
BRDA:14,1,0,9
BRDA:14,1,1,0
BRDA:18,2,0,0
BRDA:18,2,1,0
BRDA:18,3,0,0
BRDA:18,3,1,0
BRF:8
BRH:2
end_of_record
TN:
SF:src\.internal\unicodeToArray.js
FN:39,unicodeToArray
FNF:1
FNH:1
FNDA:1,unicodeToArray
DA:2,1
DA:3,1
DA:4,1
DA:5,1
DA:6,1
DA:7,1
DA:8,1
DA:9,1
DA:12,1
DA:13,1
DA:14,1
DA:15,1
DA:16,1
DA:17,1
DA:18,1
DA:19,1
DA:22,1
DA:23,1
DA:24,1
DA:25,1
DA:26,1
DA:27,1
DA:30,1
DA:40,1
LF:24
LH:24
BRDA:40,0,0,1
BRDA:40,0,1,0
BRF:2
BRH:1
end_of_record
